[INFO]  [GE]: Change state to: "test". 
[INFO]  [test]: Start init. 
[INFO]  [DL]: Loading data groups: gameObjects, parents, animations, textures. 
[INFO]  [DL]: Loading data group: textures. 
[INFO]  [DLF]: Loading file: texturePacks/default/textures/background2.lua: function: 0x7f0f88390a70 
[INFO]  [DLF]: Loading file: texturePacks/default/textures/grass.lua: function: 0x7f0f942d1710 
[INFO]  [DLF]: Loading file: texturePacks/default/textures/stone.lua: function: 0x7f0f94253f20 
[INFO]  [DLF]: Loading file: texturePacks/default/textures/player.lua: function: 0x7f0f90110420 
[INFO]  [DLF]: Loading file: texturePacks/default/textures/pipipu.pic: table: 0x7f0f9007bdf0 
[INFO]  [DLF]: Loading file: texturePacks/default/textures/test.pic: table: 0x7f0f90272440 
[INFO]  [DLF]: Loading file: texturePacks/default/textures/exampleTexture.lua: function: 0x7f0f900d76f0 
[INFO]  [DLF]: Loading file: texturePacks/default/textures/benchmarkTexture.lua: function: 0x7f0f88130110 
[INFO]  [DL]: Loading data group: animations. 
[INFO]  [DLF]: Loading file: texturePacks/default/animations/test/: table: 0x7f0f890bfcf0 
[INFO]  [DL]: Loading data group: parents. 
[INFO]  [DLF]: Loading file: data/parents/Particle.lua: function: 0x7f0f94079660 
[INFO]  [DLF]: Loading file: data/parents/ParticleContainer.lua: function: 0x7f0f902353f0 
[INFO]  [DL]: Loading data group: gameObjects. 
[INFO]  [DLF]: Loading file: data/gameObjects/Test4.lua: function: 0x7f0f8849dc10 
[INFO]  [DLF]: Loading file: data/gameObjects/GameObjectTemplate.lua: function: 0x7f0f881955a0 
[INFO]  [DLF]: Loading file: data/gameObjects/RPT.lua: function: 0x7f0f943547c0 
[INFO]  [DLF]: Loading file: data/gameObjects/Test2.lua: function: 0x7f0f90071ec0 
[INFO]  [DLF]: Loading file: data/gameObjects/StaticTestGO.lua: function: 0x7f0f88405c00 
[INFO]  [DLF]: Loading file: data/gameObjects/MovingTestGO.lua: function: 0x7f0f887474e0 
[INFO]  [DLF]: Loading file: data/gameObjects/Test.lua: function: 0x7f0f881378b0 
[INFO]  [DLF]: Loading file: data/gameObjects/TestParticle.lua: function: 0x7f0f945a7a20 
[INFO]  [DLF]: Loading file: data/gameObjects/ParticleTestContainer.lua: function: 0x7f0f94254470 
[INFO]  [DLF]: Loading file: data/gameObjects/Test3.lua: function: 0x7f0f905ce170 
[INFO]  [test]: init done. 
[DEBUG]  [PC][PC1]: Creating particle, F: 0 
[DEBUG]  [PC][PC1]: Adding particle: TestParticle, X: 1, Y: 1, F: 0 
[DEBUG]  [PC][PC1]: Creating particle, F: 0 
[DEBUG]  [PC][PC1]: Adding particle: TestParticle, X: 3, Y: 2, F: 0 
[DEBUG]  [PC][PC1]: Creating particle, F: 0 
[DEBUG]  [PC][PC1]: Adding particle: TestParticle, X: 3, Y: 2, F: 0 
[DEBUG]  [PC][PC1]: Creating particle, F: 0 
[DEBUG]  [PC][PC1]: Adding particle: TestParticle, X: 3, Y: 2.5, F: 0 
[DEBUG]  [PC][PC1]: Creating particle, F: 0 
[DEBUG]  [PC][PC1]: Adding particle: TestParticle, X: 3, Y: 3, F: 0 
[DEBUG]  [PC][PC1]: Creating particle, F: 0 
[DEBUG]  [PC][PC1]: Adding particle: TestParticle, X: 4, Y: 2.5, F: 0 
[DEBUG]  [PC][PC1]: Creating particle, F: 0 
[DEBUG]  [PC][PC1]: Adding particle: TestParticle, X: 5, Y: 4, F: 0 
[DEBUG]  [PC][PC1]: Creating particle, F: 0 
[DEBUG]  [PC][PC1]: Adding particle: TestParticle, X: 3, Y: 2, F: 0 
[DEBUG]  [PC][PC1]: Creating particle, F: 0 
[DEBUG]  [PC][PC1]: Adding particle: TestParticle, X: 5, Y: 2, F: 0 
[DEBUG]  [PC][PC1]: Creating particle, F: 0 
[DEBUG]  [PC][PC1]: Adding particle: TestParticle, X: 5, Y: 3, F: 0 
[DEBUG]  [EH]: Program stopped by user. 
